This is pdfTeX, Version 3.141592653-2.6-1.40.23 (TeX Live 2021/W32TeX) (preloaded format=pdflatex 2021.10.13)  13 OCT 2021 20:28
entering extended mode
 restricted \write18 enabled.
 %&-line parsing enabled.
**MainDocument.tex
(./MainDocument.tex
LaTeX2e <2021-06-01> patch level 1
L3 programming layer <2021-10-12> (./pnas-new.cls
Document Class: pnas-new 2018/05/06, v1.44

(c:/Users/Matt/AppData/Roaming/TinyTeX/texmf-dist/tex/latex/extsizes/extarticle
.cls
Document Class: extarticle 1996/10/08 v1.0 Non Standard LaTeX document class
(c:/Users/Matt/AppData/Roaming/TinyTeX/texmf-dist/tex/latex/extsizes/size9.clo
File: size9.clo 1999/11/11 v1.4a NON-Standard LaTeX file (size option)
) (c:/Users/Matt/AppData/Roaming/TinyTeX/texmf-dist/tex/latex/base/exscale.sty
Package: exscale 2018/09/24 v2.1i Standard LaTeX package exscale
LaTeX Font Info:    Redeclaring symbol font `largesymbols' on input line 57.
LaTeX Font Info:    Overwriting symbol font `largesymbols' in version `normal'
(Font)                  OMX/cmex/m/n --> OMX/cmex/m/n on input line 57.
LaTeX Font Info:    Overwriting symbol font `largesymbols' in version `bold'
(Font)                  OMX/cmex/m/n --> OMX/cmex/m/n on input line 57.
\big@size=\dimen138
)
\c@part=\count182
\c@section=\count183
\c@subsection=\count184
\c@subsubsection=\count185
\c@paragraph=\count186
\c@subparagraph=\count187
\c@figure=\count188
\c@table=\count189
\abovecaptionskip=\skip47
\belowcaptionskip=\skip48
\bibindent=\dimen139
) (c:/Users/Matt/AppData/Roaming/TinyTeX/texmf-dist/tex/latex/base/inputenc.sty
Package: inputenc 2021/02/14 v1.3d Input encoding file
\inpenc@prehook=\toks16
\inpenc@posthook=\toks17
) (c:/Users/Matt/AppData/Roaming/TinyTeX/texmf-dist/tex/generic/babel/babel.sty
Package: babel 2021/07/22 3.63 The Babel package
(c:/Users/Matt/AppData/Roaming/TinyTeX/texmf-dist/tex/generic/babel/babel.def
File: babel.def 2021/07/22 3.63 Babel common definitions
\babel@savecnt=\count190
\U@D=\dimen140
\l@unhyphenated=\language3

(c:/Users/Matt/AppData/Roaming/TinyTeX/texmf-dist/tex/generic/babel/txtbabel.de
f)
\bbl@readstream=\read2
)
\bbl@dirlevel=\count191

(c:/Users/Matt/AppData/Roaming/TinyTeX/texmf-dist/tex/generic/babel-english/eng
lish.ldf
Language: english 2017/06/06 v3.3r English support from the babel system
Package babel Info: Hyphen rules for 'british' set to \l@english
(babel)             (\language0). Reported on input line 82.
Package babel Info: Hyphen rules for 'UKenglish' set to \l@english
(babel)             (\language0). Reported on input line 83.
Package babel Info: Hyphen rules for 'canadian' set to \l@english
(babel)             (\language0). Reported on input line 102.
Package babel Info: Hyphen rules for 'australian' set to \l@english
(babel)             (\language0). Reported on input line 105.
Package babel Info: Hyphen rules for 'newzealand' set to \l@english
(babel)             (\language0). Reported on input line 108.
))
(c:/Users/Matt/AppData/Roaming/TinyTeX/texmf-dist/tex/latex/amsmath/amsmath.sty
Package: amsmath 2021/04/20 v2.17j AMS math features
\@mathmargin=\skip49
For additional information on amsmath, use the `?' option.

(c:/Users/Matt/AppData/Roaming/TinyTeX/texmf-dist/tex/latex/amsmath/amstext.sty
Package: amstext 2000/06/29 v2.01 AMS text
(c:/Users/Matt/AppData/Roaming/TinyTeX/texmf-dist/tex/latex/amsmath/amsgen.sty
File: amsgen.sty 1999/11/30 v2.0 generic functions
\@emptytoks=\toks18
\ex@=\dimen141
)) (c:/Users/Matt/AppData/Roaming/TinyTeX/texmf-dist/tex/latex/amsmath/amsbsy.s
ty
Package: amsbsy 1999/11/29 v1.2d Bold Symbols
\pmbraise@=\dimen142
) (c:/Users/Matt/AppData/Roaming/TinyTeX/texmf-dist/tex/latex/amsmath/amsopn.st
y
Package: amsopn 2016/03/08 v2.02 operator names
)
\inf@bad=\count192
LaTeX Info: Redefining \frac on input line 234.
\uproot@=\count193
\leftroot@=\count194
LaTeX Info: Redefining \overline on input line 399.
\classnum@=\count195
\DOTSCASE@=\count196
LaTeX Info: Redefining \ldots on input line 496.
LaTeX Info: Redefining \dots on input line 499.
LaTeX Info: Redefining \cdots on input line 620.
\Mathstrutbox@=\box50
\strutbox@=\box51
\big@size=\dimen143
LaTeX Font Info:    Redeclaring font encoding OML on input line 743.
LaTeX Font Info:    Redeclaring font encoding OMS on input line 744.
\macc@depth=\count197
\c@MaxMatrixCols=\count198
\dotsspace@=\muskip16
\c@parentequation=\count199
\dspbrk@lvl=\count266
\tag@help=\toks19
\row@=\count267
\column@=\count268
\maxfields@=\count269
\andhelp@=\toks20
\eqnshift@=\dimen144
\alignsep@=\dimen145
\tagshift@=\dimen146
\tagwidth@=\dimen147
\totwidth@=\dimen148
\lineht@=\dimen149
\@envbody=\toks21
\multlinegap=\skip50
\multlinetaggap=\skip51
\mathdisplay@stack=\toks22
LaTeX Info: Redefining \[ on input line 2923.
LaTeX Info: Redefining \] on input line 2924.
)
(c:/Users/Matt/AppData/Roaming/TinyTeX/texmf-dist/tex/latex/amsfonts/amsfonts.s
ty
Package: amsfonts 2013/01/14 v3.01 Basic AMSFonts support
\symAMSa=\mathgroup4
\symAMSb=\mathgroup5
LaTeX Font Info:    Redeclaring math symbol \hbar on input line 98.
LaTeX Font Info:    Overwriting math alphabet `\mathfrak' in version `bold'
(Font)                  U/euf/m/n --> U/euf/b/n on input line 106.
)
(c:/Users/Matt/AppData/Roaming/TinyTeX/texmf-dist/tex/latex/amsfonts/amssymb.st
y
Package: amssymb 2013/01/14 v3.01 AMS font symbols
) (c:/Users/Matt/AppData/Roaming/TinyTeX/texmf-dist/tex/latex/lm/lmodern.sty
Package: lmodern 2015/05/01 v1.6.1 Latin Modern Fonts
LaTeX Font Info:    Overwriting symbol font `operators' in version `normal'
(Font)                  OT1/cmr/m/n --> OT1/lmr/m/n on input line 22.
LaTeX Font Info:    Overwriting symbol font `letters' in version `normal'
(Font)                  OML/cmm/m/it --> OML/lmm/m/it on input line 23.
LaTeX Font Info:    Overwriting symbol font `symbols' in version `normal'
(Font)                  OMS/cmsy/m/n --> OMS/lmsy/m/n on input line 24.
LaTeX Font Info:    Overwriting symbol font `largesymbols' in version `normal'
(Font)                  OMX/cmex/m/n --> OMX/lmex/m/n on input line 25.
LaTeX Font Info:    Overwriting symbol font `operators' in version `bold'
(Font)                  OT1/cmr/bx/n --> OT1/lmr/bx/n on input line 26.
LaTeX Font Info:    Overwriting symbol font `letters' in version `bold'
(Font)                  OML/cmm/b/it --> OML/lmm/b/it on input line 27.
LaTeX Font Info:    Overwriting symbol font `symbols' in version `bold'
(Font)                  OMS/cmsy/b/n --> OMS/lmsy/b/n on input line 28.
LaTeX Font Info:    Overwriting symbol font `largesymbols' in version `bold'
(Font)                  OMX/cmex/m/n --> OMX/lmex/m/n on input line 29.
LaTeX Font Info:    Overwriting math alphabet `\mathbf' in version `normal'
(Font)                  OT1/cmr/bx/n --> OT1/lmr/bx/n on input line 31.
LaTeX Font Info:    Overwriting math alphabet `\mathsf' in version `normal'
(Font)                  OT1/cmss/m/n --> OT1/lmss/m/n on input line 32.
LaTeX Font Info:    Overwriting math alphabet `\mathit' in version `normal'
(Font)                  OT1/cmr/m/it --> OT1/lmr/m/it on input line 33.
LaTeX Font Info:    Overwriting math alphabet `\mathtt' in version `normal'
(Font)                  OT1/cmtt/m/n --> OT1/lmtt/m/n on input line 34.
LaTeX Font Info:    Overwriting math alphabet `\mathbf' in version `bold'
(Font)                  OT1/cmr/bx/n --> OT1/lmr/bx/n on input line 35.
LaTeX Font Info:    Overwriting math alphabet `\mathsf' in version `bold'
(Font)                  OT1/cmss/bx/n --> OT1/lmss/bx/n on input line 36.
LaTeX Font Info:    Overwriting math alphabet `\mathit' in version `bold'
(Font)                  OT1/cmr/bx/it --> OT1/lmr/bx/it on input line 37.
LaTeX Font Info:    Overwriting math alphabet `\mathtt' in version `bold'
(Font)                  OT1/cmtt/m/n --> OT1/lmtt/m/n on input line 38.
) (c:/Users/Matt/AppData/Roaming/TinyTeX/texmf-dist/tex/latex/psnfss/helvet.sty
Package: helvet 2020/03/25 PSNFSS-v9.3 (WaS) 

(c:/Users/Matt/AppData/Roaming/TinyTeX/texmf-dist/tex/latex/graphics/keyval.sty
Package: keyval 2014/10/28 v1.15 key=value parser (DPC)
\KV@toks@=\toks23
)) (c:/Users/Matt/AppData/Roaming/TinyTeX/texmf-dist/tex/latex/base/fontenc.sty
Package: fontenc 2021/04/29 v2.0v Standard LaTeX package
LaTeX Font Info:    Trying to load font information for T1+lmr on input line 11
2.
(c:/Users/Matt/AppData/Roaming/TinyTeX/texmf-dist/tex/latex/lm/t1lmr.fd
File: t1lmr.fd 2015/05/01 v1.6.1 Font defs for Latin Modern
))
(c:/Users/Matt/AppData/Roaming/TinyTeX/texmf-dist/tex/latex/lettrine/lettrine.s
ty
File: lettrine.sty 2020-03-14 v2.23 (Daniel Flipo)

(c:/Users/Matt/AppData/Roaming/TinyTeX/texmf-dist/tex/generic/minifp/minifp.sty
Package: minifp 2013/12/30 v0.96. Macros for real number operations and a stack
-based programing language.
\MFP@loopctr=\count270
)
\c@DefaultLines=\count271
\c@DefaultDepth=\count272
\DefaultFindent=\dimen150
\DefaultNindent=\dimen151
\DefaultSlope=\dimen152
\DiscardVskip=\dimen153
\L@lbox=\box52
\L@tbox=\box53
\c@L@lines=\count273
\c@L@depth=\count274
\L@Pindent=\dimen154
\L@Findent=\dimen155
\L@Nindent=\dimen156
\L@lraise=\dimen157
\L@first=\dimen158
\L@next=\dimen159
\L@slope=\dimen160
\L@height=\dimen161
\L@novskip=\dimen162
\L@target@ht=\dimen163
\L@target@dp=\dimen164
\L@target@tht=\dimen165
\LettrineWidth=\dimen166
\LettrineHeight=\dimen167
\LettrineDepth=\dimen168
\Llist@everypar=\toks24
Loading lettrine.cfg

(c:/Users/Matt/AppData/Roaming/TinyTeX/texmf-dist/tex/latex/lettrine/lettrine.c
fg))
(c:/Users/Matt/AppData/Roaming/TinyTeX/texmf-dist/tex/latex/tools/afterpage.sty
Package: afterpage 2014/10/28 v1.08 After-Page Package (DPC)
\AP@output=\toks25
\AP@partial=\box54
\AP@footins=\box55
) (c:/Users/Matt/AppData/Roaming/TinyTeX/texmf-dist/tex/generic/iftex/ifpdf.sty
Package: ifpdf 2019/10/25 v3.4 ifpdf legacy package. Use iftex instead.
(c:/Users/Matt/AppData/Roaming/TinyTeX/texmf-dist/tex/generic/iftex/iftex.sty
Package: iftex 2020/03/06 v1.0d TeX engine tests
))
(c:/Users/Matt/AppData/Roaming/TinyTeX/texmf-dist/tex/generic/iftex/ifxetex.sty
Package: ifxetex 2019/10/25 v0.7 ifxetex legacy package. Use iftex instead.
) (c:/Users/Matt/AppData/Roaming/TinyTeX/texmf-dist/tex/latex/xcolor/xcolor.sty
Package: xcolor 2016/05/11 v2.12 LaTeX color extensions (UK)

(c:/Users/Matt/AppData/Roaming/TinyTeX/texmf-dist/tex/latex/graphics-cfg/color.
cfg
File: color.cfg 2016/01/02 v1.6 sample color configuration
)
Package xcolor Info: Driver file: pdftex.def on input line 225.

(c:/Users/Matt/AppData/Roaming/TinyTeX/texmf-dist/tex/latex/graphics-def/pdftex
.def
File: pdftex.def 2020/10/05 v1.2a Graphics/color driver for pdftex
)
Package xcolor Info: Model `cmy' substituted by `cmy0' on input line 1348.
Package xcolor Info: Model `hsb' substituted by `rgb' on input line 1352.
Package xcolor Info: Model `RGB' extended on input line 1364.
Package xcolor Info: Model `HTML' substituted by `rgb' on input line 1366.
Package xcolor Info: Model `Hsb' substituted by `hsb' on input line 1367.
Package xcolor Info: Model `tHsb' substituted by `hsb' on input line 1368.
Package xcolor Info: Model `HSB' substituted by `hsb' on input line 1369.
Package xcolor Info: Model `Gray' substituted by `gray' on input line 1370.
Package xcolor Info: Model `wave' substituted by `hsb' on input line 1371.
)
(c:/Users/Matt/AppData/Roaming/TinyTeX/texmf-dist/tex/latex/pgf/frontendlayer/t
ikz.sty
(c:/Users/Matt/AppData/Roaming/TinyTeX/texmf-dist/tex/latex/pgf/basiclayer/pgf.
sty
(c:/Users/Matt/AppData/Roaming/TinyTeX/texmf-dist/tex/latex/pgf/utilities/pgfrc
s.sty
(c:/Users/Matt/AppData/Roaming/TinyTeX/texmf-dist/tex/generic/pgf/utilities/pgf
util-common.tex
\pgfutil@everybye=\toks26
\pgfutil@tempdima=\dimen169
\pgfutil@tempdimb=\dimen170

(c:/Users/Matt/AppData/Roaming/TinyTeX/texmf-dist/tex/generic/pgf/utilities/pgf
util-common-lists.tex))
(c:/Users/Matt/AppData/Roaming/TinyTeX/texmf-dist/tex/generic/pgf/utilities/pgf
util-latex.def
\pgfutil@abb=\box56
)
(c:/Users/Matt/AppData/Roaming/TinyTeX/texmf-dist/tex/generic/pgf/utilities/pgf
rcs.code.tex
(c:/Users/Matt/AppData/Roaming/TinyTeX/texmf-dist/tex/generic/pgf/pgf.revision.
tex)
Package: pgfrcs 2021/05/15 v3.1.9a (3.1.9a)
))
Package: pgf 2021/05/15 v3.1.9a (3.1.9a)

(c:/Users/Matt/AppData/Roaming/TinyTeX/texmf-dist/tex/latex/pgf/basiclayer/pgfc
ore.sty
(c:/Users/Matt/AppData/Roaming/TinyTeX/texmf-dist/tex/latex/graphics/graphicx.s
ty
Package: graphicx 2020/12/05 v1.2c Enhanced LaTeX Graphics (DPC,SPQR)

(c:/Users/Matt/AppData/Roaming/TinyTeX/texmf-dist/tex/latex/graphics/graphics.s
ty
Package: graphics 2021/03/04 v1.4d Standard LaTeX Graphics (DPC,SPQR)
(c:/Users/Matt/AppData/Roaming/TinyTeX/texmf-dist/tex/latex/graphics/trig.sty
Package: trig 2016/01/03 v1.10 sin cos tan (DPC)
)
(c:/Users/Matt/AppData/Roaming/TinyTeX/texmf-dist/tex/latex/graphics-cfg/graphi
cs.cfg
File: graphics.cfg 2016/06/04 v1.11 sample graphics configuration
)
Package graphics Info: Driver file: pdftex.def on input line 107.
)
\Gin@req@height=\dimen171
\Gin@req@width=\dimen172
)
(c:/Users/Matt/AppData/Roaming/TinyTeX/texmf-dist/tex/latex/pgf/systemlayer/pgf
sys.sty
(c:/Users/Matt/AppData/Roaming/TinyTeX/texmf-dist/tex/generic/pgf/systemlayer/p
gfsys.code.tex
Package: pgfsys 2021/05/15 v3.1.9a (3.1.9a)

(c:/Users/Matt/AppData/Roaming/TinyTeX/texmf-dist/tex/generic/pgf/utilities/pgf
keys.code.tex
\pgfkeys@pathtoks=\toks27
\pgfkeys@temptoks=\toks28

(c:/Users/Matt/AppData/Roaming/TinyTeX/texmf-dist/tex/generic/pgf/utilities/pgf
keysfiltered.code.tex
\pgfkeys@tmptoks=\toks29
))
\pgf@x=\dimen173
\pgf@y=\dimen174
\pgf@xa=\dimen175
\pgf@ya=\dimen176
\pgf@xb=\dimen177
\pgf@yb=\dimen178
\pgf@xc=\dimen179
\pgf@yc=\dimen180
\pgf@xd=\dimen181
\pgf@yd=\dimen182
\w@pgf@writea=\write3
\r@pgf@reada=\read3
\c@pgf@counta=\count275
\c@pgf@countb=\count276
\c@pgf@countc=\count277
\c@pgf@countd=\count278
\t@pgf@toka=\toks30
\t@pgf@tokb=\toks31
\t@pgf@tokc=\toks32
\pgf@sys@id@count=\count279

(c:/Users/Matt/AppData/Roaming/TinyTeX/texmf-dist/tex/generic/pgf/systemlayer/p
gf.cfg
File: pgf.cfg 2021/05/15 v3.1.9a (3.1.9a)
)
Driver file for pgf: pgfsys-pdftex.def

(c:/Users/Matt/AppData/Roaming/TinyTeX/texmf-dist/tex/generic/pgf/systemlayer/p
gfsys-pdftex.def
File: pgfsys-pdftex.def 2021/05/15 v3.1.9a (3.1.9a)

(c:/Users/Matt/AppData/Roaming/TinyTeX/texmf-dist/tex/generic/pgf/systemlayer/p
gfsys-common-pdf.def
File: pgfsys-common-pdf.def 2021/05/15 v3.1.9a (3.1.9a)
)))
(c:/Users/Matt/AppData/Roaming/TinyTeX/texmf-dist/tex/generic/pgf/systemlayer/p
gfsyssoftpath.code.tex
File: pgfsyssoftpath.code.tex 2021/05/15 v3.1.9a (3.1.9a)
\pgfsyssoftpath@smallbuffer@items=\count280
\pgfsyssoftpath@bigbuffer@items=\count281
)
(c:/Users/Matt/AppData/Roaming/TinyTeX/texmf-dist/tex/generic/pgf/systemlayer/p
gfsysprotocol.code.tex
File: pgfsysprotocol.code.tex 2021/05/15 v3.1.9a (3.1.9a)
))
(c:/Users/Matt/AppData/Roaming/TinyTeX/texmf-dist/tex/generic/pgf/basiclayer/pg
fcore.code.tex
Package: pgfcore 2021/05/15 v3.1.9a (3.1.9a)

(c:/Users/Matt/AppData/Roaming/TinyTeX/texmf-dist/tex/generic/pgf/math/pgfmath.
code.tex
(c:/Users/Matt/AppData/Roaming/TinyTeX/texmf-dist/tex/generic/pgf/math/pgfmathc
alc.code.tex
(c:/Users/Matt/AppData/Roaming/TinyTeX/texmf-dist/tex/generic/pgf/math/pgfmathu
til.code.tex)
(c:/Users/Matt/AppData/Roaming/TinyTeX/texmf-dist/tex/generic/pgf/math/pgfmathp
arser.code.tex
\pgfmath@dimen=\dimen183
\pgfmath@count=\count282
\pgfmath@box=\box57
\pgfmath@toks=\toks33
\pgfmath@stack@operand=\toks34
\pgfmath@stack@operation=\toks35
)
(c:/Users/Matt/AppData/Roaming/TinyTeX/texmf-dist/tex/generic/pgf/math/pgfmathf
unctions.code.tex
(c:/Users/Matt/AppData/Roaming/TinyTeX/texmf-dist/tex/generic/pgf/math/pgfmathf
unctions.basic.code.tex)
(c:/Users/Matt/AppData/Roaming/TinyTeX/texmf-dist/tex/generic/pgf/math/pgfmathf
unctions.trigonometric.code.tex)
(c:/Users/Matt/AppData/Roaming/TinyTeX/texmf-dist/tex/generic/pgf/math/pgfmathf
unctions.random.code.tex)
(c:/Users/Matt/AppData/Roaming/TinyTeX/texmf-dist/tex/generic/pgf/math/pgfmathf
unctions.comparison.code.tex)
(c:/Users/Matt/AppData/Roaming/TinyTeX/texmf-dist/tex/generic/pgf/math/pgfmathf
unctions.base.code.tex)
(c:/Users/Matt/AppData/Roaming/TinyTeX/texmf-dist/tex/generic/pgf/math/pgfmathf
unctions.round.code.tex)
(c:/Users/Matt/AppData/Roaming/TinyTeX/texmf-dist/tex/generic/pgf/math/pgfmathf
unctions.misc.code.tex)
(c:/Users/Matt/AppData/Roaming/TinyTeX/texmf-dist/tex/generic/pgf/math/pgfmathf
unctions.integerarithmetics.code.tex)))
(c:/Users/Matt/AppData/Roaming/TinyTeX/texmf-dist/tex/generic/pgf/math/pgfmathf
loat.code.tex
\c@pgfmathroundto@lastzeros=\count283
))
(c:/Users/Matt/AppData/Roaming/TinyTeX/texmf-dist/tex/generic/pgf/math/pgfint.c
ode.tex)
(c:/Users/Matt/AppData/Roaming/TinyTeX/texmf-dist/tex/generic/pgf/basiclayer/pg
fcorepoints.code.tex
File: pgfcorepoints.code.tex 2021/05/15 v3.1.9a (3.1.9a)
\pgf@picminx=\dimen184
\pgf@picmaxx=\dimen185
\pgf@picminy=\dimen186
\pgf@picmaxy=\dimen187
\pgf@pathminx=\dimen188
\pgf@pathmaxx=\dimen189
\pgf@pathminy=\dimen190
\pgf@pathmaxy=\dimen191
\pgf@xx=\dimen192
\pgf@xy=\dimen193
\pgf@yx=\dimen194
\pgf@yy=\dimen195
\pgf@zx=\dimen196
\pgf@zy=\dimen197
)
(c:/Users/Matt/AppData/Roaming/TinyTeX/texmf-dist/tex/generic/pgf/basiclayer/pg
fcorepathconstruct.code.tex
File: pgfcorepathconstruct.code.tex 2021/05/15 v3.1.9a (3.1.9a)
\pgf@path@lastx=\dimen198
\pgf@path@lasty=\dimen199
)
(c:/Users/Matt/AppData/Roaming/TinyTeX/texmf-dist/tex/generic/pgf/basiclayer/pg
fcorepathusage.code.tex
File: pgfcorepathusage.code.tex 2021/05/15 v3.1.9a (3.1.9a)
\pgf@shorten@end@additional=\dimen256
\pgf@shorten@start@additional=\dimen257
)
(c:/Users/Matt/AppData/Roaming/TinyTeX/texmf-dist/tex/generic/pgf/basiclayer/pg
fcorescopes.code.tex
File: pgfcorescopes.code.tex 2021/05/15 v3.1.9a (3.1.9a)
\pgfpic=\box58
\pgf@hbox=\box59
\pgf@layerbox@main=\box60
\pgf@picture@serial@count=\count284
)
(c:/Users/Matt/AppData/Roaming/TinyTeX/texmf-dist/tex/generic/pgf/basiclayer/pg
fcoregraphicstate.code.tex
File: pgfcoregraphicstate.code.tex 2021/05/15 v3.1.9a (3.1.9a)
\pgflinewidth=\dimen258
)
(c:/Users/Matt/AppData/Roaming/TinyTeX/texmf-dist/tex/generic/pgf/basiclayer/pg
fcoretransformations.code.tex
File: pgfcoretransformations.code.tex 2021/05/15 v3.1.9a (3.1.9a)
\pgf@pt@x=\dimen259
\pgf@pt@y=\dimen260
\pgf@pt@temp=\dimen261
)
(c:/Users/Matt/AppData/Roaming/TinyTeX/texmf-dist/tex/generic/pgf/basiclayer/pg
fcorequick.code.tex
File: pgfcorequick.code.tex 2021/05/15 v3.1.9a (3.1.9a)
)
(c:/Users/Matt/AppData/Roaming/TinyTeX/texmf-dist/tex/generic/pgf/basiclayer/pg
fcoreobjects.code.tex
File: pgfcoreobjects.code.tex 2021/05/15 v3.1.9a (3.1.9a)
)
(c:/Users/Matt/AppData/Roaming/TinyTeX/texmf-dist/tex/generic/pgf/basiclayer/pg
fcorepathprocessing.code.tex
File: pgfcorepathprocessing.code.tex 2021/05/15 v3.1.9a (3.1.9a)
)
(c:/Users/Matt/AppData/Roaming/TinyTeX/texmf-dist/tex/generic/pgf/basiclayer/pg
fcorearrows.code.tex
File: pgfcorearrows.code.tex 2021/05/15 v3.1.9a (3.1.9a)
\pgfarrowsep=\dimen262
)
(c:/Users/Matt/AppData/Roaming/TinyTeX/texmf-dist/tex/generic/pgf/basiclayer/pg
fcoreshade.code.tex
File: pgfcoreshade.code.tex 2021/05/15 v3.1.9a (3.1.9a)
\pgf@max=\dimen263
\pgf@sys@shading@range@num=\count285
\pgf@shadingcount=\count286
)
(c:/Users/Matt/AppData/Roaming/TinyTeX/texmf-dist/tex/generic/pgf/basiclayer/pg
fcoreimage.code.tex
File: pgfcoreimage.code.tex 2021/05/15 v3.1.9a (3.1.9a)

(c:/Users/Matt/AppData/Roaming/TinyTeX/texmf-dist/tex/generic/pgf/basiclayer/pg
fcoreexternal.code.tex
File: pgfcoreexternal.code.tex 2021/05/15 v3.1.9a (3.1.9a)
\pgfexternal@startupbox=\box61
))
(c:/Users/Matt/AppData/Roaming/TinyTeX/texmf-dist/tex/generic/pgf/basiclayer/pg
fcorelayers.code.tex
File: pgfcorelayers.code.tex 2021/05/15 v3.1.9a (3.1.9a)
)
(c:/Users/Matt/AppData/Roaming/TinyTeX/texmf-dist/tex/generic/pgf/basiclayer/pg
fcoretransparency.code.tex
File: pgfcoretransparency.code.tex 2021/05/15 v3.1.9a (3.1.9a)
)
(c:/Users/Matt/AppData/Roaming/TinyTeX/texmf-dist/tex/generic/pgf/basiclayer/pg
fcorepatterns.code.tex
File: pgfcorepatterns.code.tex 2021/05/15 v3.1.9a (3.1.9a)
)
(c:/Users/Matt/AppData/Roaming/TinyTeX/texmf-dist/tex/generic/pgf/basiclayer/pg
fcorerdf.code.tex
File: pgfcorerdf.code.tex 2021/05/15 v3.1.9a (3.1.9a)
)))
(c:/Users/Matt/AppData/Roaming/TinyTeX/texmf-dist/tex/generic/pgf/modules/pgfmo
duleshapes.code.tex
File: pgfmoduleshapes.code.tex 2021/05/15 v3.1.9a (3.1.9a)
\pgfnodeparttextbox=\box62
)
(c:/Users/Matt/AppData/Roaming/TinyTeX/texmf-dist/tex/generic/pgf/modules/pgfmo
duleplot.code.tex
File: pgfmoduleplot.code.tex 2021/05/15 v3.1.9a (3.1.9a)
)
(c:/Users/Matt/AppData/Roaming/TinyTeX/texmf-dist/tex/latex/pgf/compatibility/p
gfcomp-version-0-65.sty
Package: pgfcomp-version-0-65 2021/05/15 v3.1.9a (3.1.9a)
\pgf@nodesepstart=\dimen264
\pgf@nodesepend=\dimen265
)
(c:/Users/Matt/AppData/Roaming/TinyTeX/texmf-dist/tex/latex/pgf/compatibility/p
gfcomp-version-1-18.sty
Package: pgfcomp-version-1-18 2021/05/15 v3.1.9a (3.1.9a)
))
(c:/Users/Matt/AppData/Roaming/TinyTeX/texmf-dist/tex/latex/pgf/utilities/pgffo
r.sty
(c:/Users/Matt/AppData/Roaming/TinyTeX/texmf-dist/tex/latex/pgf/utilities/pgfke
ys.sty
(c:/Users/Matt/AppData/Roaming/TinyTeX/texmf-dist/tex/generic/pgf/utilities/pgf
keys.code.tex))
(c:/Users/Matt/AppData/Roaming/TinyTeX/texmf-dist/tex/latex/pgf/math/pgfmath.st
y
(c:/Users/Matt/AppData/Roaming/TinyTeX/texmf-dist/tex/generic/pgf/math/pgfmath.
code.tex))
(c:/Users/Matt/AppData/Roaming/TinyTeX/texmf-dist/tex/generic/pgf/utilities/pgf
for.code.tex
Package: pgffor 2021/05/15 v3.1.9a (3.1.9a)

(c:/Users/Matt/AppData/Roaming/TinyTeX/texmf-dist/tex/generic/pgf/math/pgfmath.
code.tex)
\pgffor@iter=\dimen266
\pgffor@skip=\dimen267
\pgffor@stack=\toks36
\pgffor@toks=\toks37
))
(c:/Users/Matt/AppData/Roaming/TinyTeX/texmf-dist/tex/generic/pgf/frontendlayer
/tikz/tikz.code.tex
Package: tikz 2021/05/15 v3.1.9a (3.1.9a)

(c:/Users/Matt/AppData/Roaming/TinyTeX/texmf-dist/tex/generic/pgf/libraries/pgf
libraryplothandlers.code.tex
File: pgflibraryplothandlers.code.tex 2021/05/15 v3.1.9a (3.1.9a)
\pgf@plot@mark@count=\count287
\pgfplotmarksize=\dimen268
)
\tikz@lastx=\dimen269
\tikz@lasty=\dimen270
\tikz@lastxsaved=\dimen271
\tikz@lastysaved=\dimen272
\tikz@lastmovetox=\dimen273
\tikz@lastmovetoy=\dimen274
\tikzleveldistance=\dimen275
\tikzsiblingdistance=\dimen276
\tikz@figbox=\box63
\tikz@figbox@bg=\box64
\tikz@tempbox=\box65
\tikz@tempbox@bg=\box66
\tikztreelevel=\count288
\tikznumberofchildren=\count289
\tikznumberofcurrentchild=\count290
\tikz@fig@count=\count291

(c:/Users/Matt/AppData/Roaming/TinyTeX/texmf-dist/tex/generic/pgf/modules/pgfmo
dulematrix.code.tex
File: pgfmodulematrix.code.tex 2021/05/15 v3.1.9a (3.1.9a)
\pgfmatrixcurrentrow=\count292
\pgfmatrixcurrentcolumn=\count293
\pgf@matrix@numberofcolumns=\count294
)
\tikz@expandcount=\count295

(c:/Users/Matt/AppData/Roaming/TinyTeX/texmf-dist/tex/generic/pgf/frontendlayer
/tikz/libraries/tikzlibrarytopaths.code.tex
File: tikzlibrarytopaths.code.tex 2021/05/15 v3.1.9a (3.1.9a)
)))
(c:/Users/Matt/AppData/Roaming/TinyTeX/texmf-dist/tex/latex/mdframed/mdframed.s
ty
Package: mdframed 2013/07/01 1.9b: mdframed

(c:/Users/Matt/AppData/Roaming/TinyTeX/texmf-dist/tex/latex/kvoptions/kvoptions
.sty
Package: kvoptions 2020-10-07 v3.14 Key value format for package options (HO)

(c:/Users/Matt/AppData/Roaming/TinyTeX/texmf-dist/tex/generic/ltxcmds/ltxcmds.s
ty
Package: ltxcmds 2020-05-10 v1.25 LaTeX kernel commands for general use (HO)
)
(c:/Users/Matt/AppData/Roaming/TinyTeX/texmf-dist/tex/generic/kvsetkeys/kvsetke
ys.sty
Package: kvsetkeys 2019/12/15 v1.18 Key value parser (HO)
))
(c:/Users/Matt/AppData/Roaming/TinyTeX/texmf-dist/tex/latex/l3packages/xparse/x
parse.sty (c:/Users/Matt/AppData/Roaming/TinyTeX/texmf-dist/tex/latex/l3kernel/
expl3.sty
Package: expl3 2021-10-12 L3 programming layer (loader) 

(c:/Users/Matt/AppData/Roaming/TinyTeX/texmf-dist/tex/latex/l3backend/l3backend
-pdftex.def
File: l3backend-pdftex.def 2021-10-12 L3 backend support: PDF output (pdfTeX)
\l__color_backend_stack_int=\count296
\l__pdf_internal_box=\box67
))
Package: xparse 2021-08-27 L3 Experimental document command parser
)
(c:/Users/Matt/AppData/Roaming/TinyTeX/texmf-dist/tex/latex/etoolbox/etoolbox.s
ty
Package: etoolbox 2020/10/05 v2.5k e-TeX tools for LaTeX (JAW)
\etb@tempcnta=\count297
)
(c:/Users/Matt/AppData/Roaming/TinyTeX/texmf-dist/tex/latex/zref/zref-abspage.s
ty
Package: zref-abspage 2020-07-03 v2.32 Module abspage for zref (HO)
(c:/Users/Matt/AppData/Roaming/TinyTeX/texmf-dist/tex/latex/zref/zref-base.sty
Package: zref-base 2020-07-03 v2.32 Module base for zref (HO)

(c:/Users/Matt/AppData/Roaming/TinyTeX/texmf-dist/tex/generic/infwarerr/infware
rr.sty
Package: infwarerr 2019/12/03 v1.5 Providing info/warning/error messages (HO)
)
(c:/Users/Matt/AppData/Roaming/TinyTeX/texmf-dist/tex/generic/kvdefinekeys/kvde
finekeys.sty
Package: kvdefinekeys 2019-12-19 v1.6 Define keys (HO)
)
(c:/Users/Matt/AppData/Roaming/TinyTeX/texmf-dist/tex/generic/pdftexcmds/pdftex
cmds.sty
Package: pdftexcmds 2020-06-27 v0.33 Utility functions of pdfTeX for LuaTeX (HO
)
Package pdftexcmds Info: \pdf@primitive is available.
Package pdftexcmds Info: \pdf@ifprimitive is available.
Package pdftexcmds Info: \pdfdraftmode found.
)
(c:/Users/Matt/AppData/Roaming/TinyTeX/texmf-dist/tex/generic/etexcmds/etexcmds
.sty
Package: etexcmds 2019/12/15 v1.7 Avoid name clashes with e-TeX commands (HO)
)
(c:/Users/Matt/AppData/Roaming/TinyTeX/texmf-dist/tex/latex/auxhook/auxhook.sty
Package: auxhook 2019-12-17 v1.6 Hooks for auxiliary files (HO)
)
Package zref Info: New property list: main on input line 764.
Package zref Info: New property: default on input line 765.
Package zref Info: New property: page on input line 766.
)
(c:/Users/Matt/AppData/Roaming/TinyTeX/texmf-dist/tex/latex/base/atbegshi-ltx.s
ty
Package: atbegshi-ltx 2021/01/10 v1.0c Emulation of the original atbegshi
package with kernel methods
)
\c@abspage=\count298
Package zref Info: New property: abspage on input line 66.
)
(c:/Users/Matt/AppData/Roaming/TinyTeX/texmf-dist/tex/latex/needspace/needspace
.sty
Package: needspace 2010/09/12 v1.3d reserve vertical space
)
\mdf@templength=\skip52
\c@mdf@globalstyle@cnt=\count299
\mdf@skipabove@length=\skip53
\mdf@skipbelow@length=\skip54
\mdf@leftmargin@length=\skip55
\mdf@rightmargin@length=\skip56
\mdf@innerleftmargin@length=\skip57
\mdf@innerrightmargin@length=\skip58
\mdf@innertopmargin@length=\skip59
\mdf@innerbottommargin@length=\skip60
\mdf@splittopskip@length=\skip61
\mdf@splitbottomskip@length=\skip62
\mdf@outermargin@length=\skip63
\mdf@innermargin@length=\skip64
\mdf@linewidth@length=\skip65
\mdf@innerlinewidth@length=\skip66
\mdf@middlelinewidth@length=\skip67
\mdf@outerlinewidth@length=\skip68
\mdf@roundcorner@length=\skip69
\mdf@footenotedistance@length=\skip70
\mdf@userdefinedwidth@length=\skip71
\mdf@needspace@length=\skip72
\mdf@frametitleaboveskip@length=\skip73
\mdf@frametitlebelowskip@length=\skip74
\mdf@frametitlerulewidth@length=\skip75
\mdf@frametitleleftmargin@length=\skip76
\mdf@frametitlerightmargin@length=\skip77
\mdf@shadowsize@length=\skip78
\mdf@extratopheight@length=\skip79
\mdf@subtitleabovelinewidth@length=\skip80
\mdf@subtitlebelowlinewidth@length=\skip81
\mdf@subtitleaboveskip@length=\skip82
\mdf@subtitlebelowskip@length=\skip83
\mdf@subtitleinneraboveskip@length=\skip84
\mdf@subtitleinnerbelowskip@length=\skip85
\mdf@subsubtitleabovelinewidth@length=\skip86
\mdf@subsubtitlebelowlinewidth@length=\skip87
\mdf@subsubtitleaboveskip@length=\skip88
\mdf@subsubtitlebelowskip@length=\skip89
\mdf@subsubtitleinneraboveskip@length=\skip90
\mdf@subsubtitleinnerbelowskip@length=\skip91

(c:/Users/Matt/AppData/Roaming/TinyTeX/texmf-dist/tex/latex/mdframed/md-frame-1
.mdf
File: md-frame-1.mdf 2013/07/01\ 1.9b: md-frame-1
)
\mdf@frametitlebox=\box68
\mdf@footnotebox=\box69
\mdf@splitbox@one=\box70
\mdf@splitbox@two=\box71
\mdf@splitbox@save=\box72
\mdfsplitboxwidth=\skip92
\mdfsplitboxtotalwidth=\skip93
\mdfsplitboxheight=\skip94
\mdfsplitboxdepth=\skip95
\mdfsplitboxtotalheight=\skip96
\mdfframetitleboxwidth=\skip97
\mdfframetitleboxtotalwidth=\skip98
\mdfframetitleboxheight=\skip99
\mdfframetitleboxdepth=\skip100
\mdfframetitleboxtotalheight=\skip101
\mdffootnoteboxwidth=\skip102
\mdffootnoteboxtotalwidth=\skip103
\mdffootnoteboxheight=\skip104
\mdffootnoteboxdepth=\skip105
\mdffootnoteboxtotalheight=\skip106
\mdftotallinewidth=\skip107
\mdfboundingboxwidth=\skip108
\mdfboundingboxtotalwidth=\skip109
\mdfboundingboxheight=\skip110
\mdfboundingboxdepth=\skip111
\mdfboundingboxtotalheight=\skip112
\mdf@freevspace@length=\skip113
\mdf@horizontalwidthofbox@length=\skip114
\mdf@verticalmarginwhole@length=\skip115
\mdf@horizontalspaceofbox=\skip116
\mdfsubtitleheight=\skip117
\mdfsubsubtitleheight=\skip118
\c@mdfcountframes=\count300

****** mdframed patching \endmdf@trivlist

****** -- success******

\mdf@envdepth=\count301
\c@mdf@env@i=\count302
\c@mdf@env@ii=\count303
\c@mdf@zref@counter=\count304
Package zref Info: New property: mdf@pagevalue on input line 895.
)
(c:/Users/Matt/AppData/Roaming/TinyTeX/texmf-dist/tex/latex/hyperref/hyperref.s
ty
Package: hyperref 2021-06-07 v7.00m Hypertext links for LaTeX

(c:/Users/Matt/AppData/Roaming/TinyTeX/texmf-dist/tex/generic/pdfescape/pdfesca
pe.sty
Package: pdfescape 2019/12/09 v1.15 Implements pdfTeX's escape features (HO)
)
(c:/Users/Matt/AppData/Roaming/TinyTeX/texmf-dist/tex/latex/hycolor/hycolor.sty
Package: hycolor 2020-01-27 v1.10 Color options for hyperref/bookmark (HO)
)
(c:/Users/Matt/AppData/Roaming/TinyTeX/texmf-dist/tex/latex/letltxmacro/letltxm
acro.sty
Package: letltxmacro 2019/12/03 v1.6 Let assignment for LaTeX macros (HO)
)
\@linkdim=\dimen277
\Hy@linkcounter=\count305
\Hy@pagecounter=\count306

(c:/Users/Matt/AppData/Roaming/TinyTeX/texmf-dist/tex/latex/hyperref/pd1enc.def
File: pd1enc.def 2021-06-07 v7.00m Hyperref: PDFDocEncoding definition (HO)
Now handling font encoding PD1 ...
... no UTF-8 mapping file for font encoding PD1
)
(c:/Users/Matt/AppData/Roaming/TinyTeX/texmf-dist/tex/latex/hyperref/hyperref-l
angpatches.def
File: hyperref-langpatches.def 2021-06-07 v7.00m Hyperref: patches for babel la
nguages
)
(c:/Users/Matt/AppData/Roaming/TinyTeX/texmf-dist/tex/generic/intcalc/intcalc.s
ty
Package: intcalc 2019/12/15 v1.3 Expandable calculations with integers (HO)
)
\Hy@SavedSpaceFactor=\count307
(c:/Users/Matt/AppData/Roaming/TinyTeX/texmf-dist/tex/latex/hyperref/puenc.def
File: puenc.def 2021-06-07 v7.00m Hyperref: PDF Unicode definition (HO)
Now handling font encoding PU ...
... no UTF-8 mapping file for font encoding PU
)
Package hyperref Info: Option `colorlinks' set `true' on input line 4073.
Package hyperref Info: Hyper figures OFF on input line 4192.
Package hyperref Info: Link nesting OFF on input line 4197.
Package hyperref Info: Hyper index ON on input line 4200.
Package hyperref Info: Plain pages OFF on input line 4207.
Package hyperref Info: Backreferencing OFF on input line 4212.
Package hyperref Info: Implicit mode ON; LaTeX internals redefined.
Package hyperref Info: Bookmarks ON on input line 4445.
\c@Hy@tempcnt=\count308
(c:/Users/Matt/AppData/Roaming/TinyTeX/texmf-dist/tex/latex/url/url.sty
\Urlmuskip=\muskip17
Package: url 2013/09/16  ver 3.4  Verb mode for urls, etc.
)
LaTeX Info: Redefining \url on input line 4804.
\XeTeXLinkMargin=\dimen278

(c:/Users/Matt/AppData/Roaming/TinyTeX/texmf-dist/tex/generic/bitset/bitset.sty
Package: bitset 2019/12/09 v1.3 Handle bit-vector datatype (HO)

(c:/Users/Matt/AppData/Roaming/TinyTeX/texmf-dist/tex/generic/bigintcalc/bigint
calc.sty
Package: bigintcalc 2019/12/15 v1.5 Expandable calculations on big integers (HO
)
))
\Fld@menulength=\count309
\Field@Width=\dimen279
\Fld@charsize=\dimen280
Package hyperref Info: Hyper figures OFF on input line 6076.
Package hyperref Info: Link nesting OFF on input line 6081.
Package hyperref Info: Hyper index ON on input line 6084.
Package hyperref Info: backreferencing OFF on input line 6091.
Package hyperref Info: Link coloring ON on input line 6094.
Package hyperref Info: Link coloring with OCG OFF on input line 6101.
Package hyperref Info: PDF/A mode OFF on input line 6106.
LaTeX Info: Redefining \ref on input line 6146.
LaTeX Info: Redefining \pageref on input line 6150.
\Hy@abspage=\count310
\c@Item=\count311
\c@Hfootnote=\count312
)
Package hyperref Info: Driver (autodetected): hpdftex.

(c:/Users/Matt/AppData/Roaming/TinyTeX/texmf-dist/tex/latex/hyperref/hpdftex.de
f
File: hpdftex.def 2021-06-07 v7.00m Hyperref driver for pdfTeX

(c:/Users/Matt/AppData/Roaming/TinyTeX/texmf-dist/tex/latex/base/atveryend-ltx.
sty
Package: atveryend-ltx 2020/08/19 v1.0a Emulation of the original atvery packag
e
with kernel methods
)
\HyAnn@Count=\count313
\Fld@listcount=\count314
\c@bookmark@seq@number=\count315

(c:/Users/Matt/AppData/Roaming/TinyTeX/texmf-dist/tex/latex/rerunfilecheck/reru
nfilecheck.sty
Package: rerunfilecheck 2019/12/05 v1.9 Rerun checks for auxiliary files (HO)

(c:/Users/Matt/AppData/Roaming/TinyTeX/texmf-dist/tex/generic/uniquecounter/uni
quecounter.sty
Package: uniquecounter 2019/12/15 v1.4 Provide unlimited unique counter (HO)
)
Package uniquecounter Info: New unique counter `rerunfilecheck' on input line 2
86.
)
\Hy@SectionHShift=\skip119
)
(c:/Users/Matt/AppData/Roaming/TinyTeX/texmf-dist/tex/latex/preprint/authblk.st
y
Package: authblk 2001/02/27 1.3 (PWD)
\affilsep=\skip120
\@affilsep=\skip121
\c@Maxaffil=\count316
\c@authors=\count317
\c@affil=\count318
)
(c:/Users/Matt/AppData/Roaming/TinyTeX/texmf-dist/tex/latex/xifthen/xifthen.sty
Package: xifthen 2015/11/05 v1.4.0 Extended ifthen features
(c:/Users/Matt/AppData/Roaming/TinyTeX/texmf-dist/tex/latex/tools/calc.sty
Package: calc 2017/05/25 v4.3 Infix arithmetic (KKT,FJ)
\calc@Acount=\count319
\calc@Bcount=\count320
\calc@Adimen=\dimen281
\calc@Bdimen=\dimen282
\calc@Askip=\skip122
\calc@Bskip=\skip123
LaTeX Info: Redefining \setlength on input line 80.
LaTeX Info: Redefining \addtolength on input line 81.
\calc@Ccount=\count321
\calc@Cskip=\skip124
) (c:/Users/Matt/AppData/Roaming/TinyTeX/texmf-dist/tex/latex/base/ifthen.sty
Package: ifthen 2020/11/24 v1.1c Standard LaTeX ifthen package (DPC)
)
(c:/Users/Matt/AppData/Roaming/TinyTeX/texmf-dist/tex/latex/ifmtarg/ifmtarg.sty
Package: ifmtarg 2018/04/16 v1.2b check for an empty argument
)) (c:/Users/Matt/AppData/Roaming/TinyTeX/texmf-dist/tex/latex/base/textcomp.st
y
Package: textcomp 2020/02/02 v2.0n Standard LaTeX package
)
(c:/Users/Matt/AppData/Roaming/TinyTeX/texmf-dist/tex/latex/colortbl/colortbl.s
ty
Package: colortbl 2020/01/04 v1.0e Color table columns (DPC)
(c:/Users/Matt/AppData/Roaming/TinyTeX/texmf-dist/tex/latex/tools/array.sty
Package: array 2021/04/20 v2.5e Tabular extension package (FMi)
\col@sep=\dimen283
\ar@mcellbox=\box73
\extrarowheight=\dimen284
\NC@list=\toks38
\extratabsurround=\skip125
\backup@length=\skip126
\ar@cellbox=\box74
)
\everycr=\toks39
\minrowclearance=\skip127
)
(c:/Users/Matt/AppData/Roaming/TinyTeX/texmf-dist/tex/latex/booktabs/booktabs.s
ty
Package: booktabs 2020/01/12 v1.61803398 Publication quality tables
\heavyrulewidth=\dimen285
\lightrulewidth=\dimen286
\cmidrulewidth=\dimen287
\belowrulesep=\dimen288
\belowbottomsep=\dimen289
\aboverulesep=\dimen290
\abovetopsep=\dimen291
\cmidrulesep=\dimen292
\cmidrulekern=\dimen293
\defaultaddspace=\dimen294
\@cmidla=\count322
\@cmidlb=\count323
\@aboverulesep=\dimen295
\@belowrulesep=\dimen296
\@thisruleclass=\count324
\@lastruleclass=\count325
\@thisrulewidth=\dimen297
)
(c:/Users/Matt/AppData/Roaming/TinyTeX/texmf-dist/tex/latex/algorithms/algorith
m.sty
Package: algorithm 2009/08/24 v0.1 Document Style `algorithm' - floating enviro
nment
(c:/Users/Matt/AppData/Roaming/TinyTeX/texmf-dist/tex/latex/float/float.sty
Package: float 2001/11/08 v1.3d Float enhancements (AL)
\c@float@type=\count326
\float@exts=\toks40
\float@box=\box75
\@float@everytoks=\toks41
\@floatcapt=\box76
)
\@float@every@algorithm=\toks42
\c@algorithm=\count327
)
(c:/Users/Matt/AppData/Roaming/TinyTeX/texmf-dist/tex/latex/algorithmicx/algpse
udocode.sty
Package: algpseudocode 

(c:/Users/Matt/AppData/Roaming/TinyTeX/texmf-dist/tex/latex/algorithmicx/algori
thmicx.sty
Package: algorithmicx 2005/04/27 v1.2 Algorithmicx
Document Style algorithmicx 1.2 - a greatly improved `algorithmic' style
\c@ALG@line=\count328
\c@ALG@rem=\count329
\c@ALG@nested=\count330
\ALG@tlm=\skip128
\ALG@thistlm=\skip129
\c@ALG@Lnr=\count331
\c@ALG@blocknr=\count332
\c@ALG@storecount=\count333
\c@ALG@tmpcounter=\count334
\ALG@tmplength=\skip130
)
Document Style - pseudocode environments for use with the `algorithmicx' style
)
(c:/Users/Matt/AppData/Roaming/TinyTeX/texmf-dist/tex/latex/changepage/changepa
ge.sty
Package: changepage 2009/10/20 v1.0c check page and change page layout
\c@cp@cntr=\count335
\cp@tempcnt=\count336
)
(c:/Users/Matt/AppData/Roaming/TinyTeX/texmf-dist/tex/latex/geometry/geometry.s
ty
Package: geometry 2020/01/02 v5.9 Page Geometry
(c:/Users/Matt/AppData/Roaming/TinyTeX/texmf-dist/tex/generic/iftex/ifvtex.sty
Package: ifvtex 2019/10/25 v1.7 ifvtex legacy package. Use iftex instead.
)
\Gm@cnth=\count337
\Gm@cntv=\count338
\c@Gm@tempcnt=\count339
\Gm@bindingoffset=\dimen298
\Gm@wd@mp=\dimen299
\Gm@odd@mp=\dimen300
\Gm@even@mp=\dimen301
\Gm@layoutwidth=\dimen302
\Gm@layoutheight=\dimen303
\Gm@layouthoffset=\dimen304
\Gm@layoutvoffset=\dimen305
\Gm@dimlist=\toks43
)
(c:/Users/Matt/AppData/Roaming/TinyTeX/texmf-dist/tex/latex/caption/caption.sty
Package: caption 2020/10/26 v3.5g Customizing captions (AR)

(c:/Users/Matt/AppData/Roaming/TinyTeX/texmf-dist/tex/latex/caption/caption3.st
y
Package: caption3 2020/10/21 v2.2e caption3 kernel (AR)
\captionmargin=\dimen306
\captionmargin@=\dimen307
\captionwidth=\dimen308
\caption@tempdima=\dimen309
\caption@indent=\dimen310
\caption@parindent=\dimen311
\caption@hangindent=\dimen312
Package caption Info: Standard document class detected.
)
Package caption Info: Option `figurename' requires the `newfloat' package on in
put line 187.

(c:/Users/Matt/AppData/Roaming/TinyTeX/texmf-dist/tex/latex/newfloat/newfloat.s
ty
Package: newfloat 2019/09/02 v1.1l Defining new floating environments (AR)
)
\c@caption@flags=\count340
\c@continuedfloat=\count341
Package caption Info: changepage package is loaded.
\caption@adjustwidth@hsize=\dimen313
\caption@adjustwidth@linewidth=\dimen314
Package caption Info: float package is loaded.
Package caption Info: hyperref package is loaded.
) (c:/Users/Matt/AppData/Roaming/TinyTeX/texmf-dist/tex/latex/natbib/natbib.sty
Package: natbib 2010/09/13 8.31b (PWD, AO)
\bibhang=\skip131
\bibsep=\skip132
LaTeX Info: Redefining \cite on input line 694.
\c@NAT@ctr=\count342
)

Package pnas-new Warning: pnas-new.bst and pnas2011.bst not found; falling back
 to unsrtnat instead on input line 169.


(c:/Users/Matt/AppData/Roaming/TinyTeX/texmf-dist/tex/latex/fancyhdr/fancyhdr.s
ty
Package: fancyhdr 2021/01/28 v4.0.1 Extensive control of page headers and foote
rs
\f@nch@headwidth=\skip133
\f@nch@O@elh=\skip134
\f@nch@O@erh=\skip135
\f@nch@O@olh=\skip136
\f@nch@O@orh=\skip137
\f@nch@O@elf=\skip138
\f@nch@O@erf=\skip139
\f@nch@O@olf=\skip140
\f@nch@O@orf=\skip141
)
(c:/Users/Matt/AppData/Roaming/TinyTeX/texmf-dist/tex/latex/lastpage/lastpage.s
ty
Package: lastpage 2021/09/03 v1.2n Refers to last page's name (HMM; JPG)
)
(c:/Users/Matt/AppData/Roaming/TinyTeX/texmf-dist/tex/latex/titlesec/titlesec.s
ty
Package: titlesec 2021/07/05 v2.14 Sectioning titles
\ttl@box=\box77
\beforetitleunit=\skip142
\aftertitleunit=\skip143
\ttl@plus=\dimen315
\ttl@minus=\dimen316
\ttl@toksa=\toks44
\titlewidth=\dimen317
\titlewidthlast=\dimen318
\titlewidthfirst=\dimen319
)
\c@ttlp@side=\count343
\ttlp@side=\count344
\pnas@vertadjust=\skip144
(c:/Users/Matt/AppData/Roaming/TinyTeX/texmf-dist/tex/latex/lineno/lineno.sty
Package: lineno 2005/11/02 line numbers on paragraphs v4.41
\linenopenalty=\count345
\output=\toks45
\linenoprevgraf=\count346
\linenumbersep=\dimen320
\linenumberwidth=\dimen321
\c@linenumber=\count347
\c@pagewiselinenumber=\count348
\c@LN@truepage=\count349
\c@internallinenumber=\count350
\c@internallinenumbers=\count351
\quotelinenumbersep=\dimen322
\bframerule=\dimen323
\bframesep=\dimen324
\bframebox=\box78
LaTeX Info: Redefining \\ on input line 3056.
)
(c:/Users/Matt/AppData/Roaming/TinyTeX/texmf-dist/tex/latex/footmisc/footmisc.s
ty
Package: footmisc 2011/06/06 v5.5b a miscellany of footnote facilities
\FN@temptoken=\toks46
\footnotemargin=\dimen325
\c@pp@next@reset=\count352
Package footmisc Info: Declaring symbol style bringhurst on input line 855.
Package footmisc Info: Declaring symbol style chicago on input line 863.
Package footmisc Info: Declaring symbol style wiley on input line 872.
Package footmisc Info: Declaring symbol style lamport-robust on input line 883.

Package footmisc Info: Declaring symbol style lamport* on input line 903.
Package footmisc Info: Declaring symbol style lamport*-robust on input line 924
.
)
\c@acknow@section=\count353
\c@matmethods@section=\count354

(c:/Users/Matt/AppData/Roaming/TinyTeX/texmf-dist/tex/latex/enumitem/enumitem.s
ty
Package: enumitem 2019/06/20 v3.9 Customized lists
\labelindent=\skip145
\enit@outerparindent=\dimen326
\enit@toks=\toks47
\enit@inbox=\box79
\enit@count@id=\count355
\enitdp@description=\count356
)
(c:/Users/Matt/AppData/Roaming/TinyTeX/texmf-dist/tex/latex/sidecap/sidecap.sty
Package: sidecap 2003/06/06 v1.6f SideCap Package (RN/HjG)
\SC@BOXWD=\dimen327
\SC@CAPWD=\dimen328
\SC@tempdima=\dimen329
\SC@tempdimb=\dimen330
\c@SC@C=\count357
\SC@BOX=\box80
)
(c:/Users/Matt/AppData/Roaming/TinyTeX/texmf-dist/tex/latex/sttools/stfloats.st
y
Package: stfloats 2017/03/27 v3.3 Improve float mechanism and baselineskip sett
ings
\@dblbotnum=\count358
\c@dblbotnumber=\count359
)
(c:/Users/Matt/AppData/Roaming/TinyTeX/texmf-dist/tex/latex/marginnote/marginno
te.sty
Package: marginnote 2018/08/09 v1.4b non floating margin notes for LaTeX
\c@mn@abspage=\count360
)
\@float@every@@widetext=\toks48
\c@@widetext=\count361
)
(c:/Users/Matt/AppData/Roaming/TinyTeX/texmf-dist/tex/latex/microtype/microtype
.sty
Package: microtype 2021/03/14 v2.8c Micro-typographical refinements (RS)
\MT@toks=\toks49
\MT@count=\count362
LaTeX Info: Redefining \textls on input line 790.
\MT@outer@kern=\dimen331
LaTeX Info: Redefining \textmicrotypecontext on input line 1374.
\MT@listname@count=\count363

(c:/Users/Matt/AppData/Roaming/TinyTeX/texmf-dist/tex/latex/microtype/microtype
-pdftex.def
File: microtype-pdftex.def 2021/03/14 v2.8c Definitions specific to pdftex (RS)

LaTeX Info: Redefining \lsstyle on input line 915.
LaTeX Info: Redefining \lslig on input line 915.
\MT@outer@space=\skip146
)
Package microtype Info: Loading configuration file microtype.cfg.

(c:/Users/Matt/AppData/Roaming/TinyTeX/texmf-dist/tex/latex/microtype/microtype
.cfg
File: microtype.cfg 2021/03/14 v2.8c microtype main configuration file (RS)
)) (c:/Users/Matt/AppData/Roaming/TinyTeX/texmf-dist/tex/latex/base/fontenc.sty
Package: fontenc 2021/04/29 v2.0v Standard LaTeX package
)
\csllabelwidth=\skip147
\cslhangindent=\skip148
(./pnasresearcharticle.sty
Package: pnasresearcharticle 2018/05/06 v1.3 PNAS two column research article s
tyle
\@float@every@sigstatement=\toks50
\c@sigstatement=\count364
) (./MainDocument.aux)
\openout1 = `MainDocument.aux'.

LaTeX Font Info:    Checking defaults for OML/cmm/m/it on input line 105.
LaTeX Font Info:    ... okay on input line 105.
LaTeX Font Info:    Checking defaults for OMS/cmsy/m/n on input line 105.
LaTeX Font Info:    ... okay on input line 105.
LaTeX Font Info:    Checking defaults for OT1/cmr/m/n on input line 105.
LaTeX Font Info:    ... okay on input line 105.
LaTeX Font Info:    Checking defaults for T1/cmr/m/n on input line 105.
LaTeX Font Info:    ... okay on input line 105.
LaTeX Font Info:    Checking defaults for TS1/cmr/m/n on input line 105.
LaTeX Font Info:    ... okay on input line 105.
LaTeX Font Info:    Checking defaults for OMX/cmex/m/n on input line 105.
LaTeX Font Info:    ... okay on input line 105.
LaTeX Font Info:    Checking defaults for U/cmr/m/n on input line 105.
LaTeX Font Info:    ... okay on input line 105.
LaTeX Font Info:    Checking defaults for PD1/pdf/m/n on input line 105.
LaTeX Font Info:    ... okay on input line 105.
LaTeX Font Info:    Checking defaults for PU/pdf/m/n on input line 105.
LaTeX Font Info:    ... okay on input line 105.

(c:/Users/Matt/AppData/Roaming/TinyTeX/texmf-dist/tex/latex/epstopdf-pkg/epstop
df-base.sty
Package: epstopdf-base 2020-01-24 v2.11 Base part for package epstopdf
Package epstopdf-base Info: Redefining graphics rule for `.eps' on input line 4
85.

(c:/Users/Matt/AppData/Roaming/TinyTeX/texmf-dist/tex/latex/latexconfig/epstopd
f-sys.cfg
File: epstopdf-sys.cfg 2010/07/13 v1.3 Configuration of (r)epstopdf for TeX Liv
e
))
Package hyperref Info: Link coloring ON on input line 105.

(c:/Users/Matt/AppData/Roaming/TinyTeX/texmf-dist/tex/latex/hyperref/nameref.st
y
Package: nameref 2021-04-02 v2.47 Cross-referencing by name of section

(c:/Users/Matt/AppData/Roaming/TinyTeX/texmf-dist/tex/latex/refcount/refcount.s
ty
Package: refcount 2019/12/15 v3.6 Data extraction from label references (HO)
)
(c:/Users/Matt/AppData/Roaming/TinyTeX/texmf-dist/tex/generic/gettitlestring/ge
ttitlestring.sty
Package: gettitlestring 2019/12/15 v1.6 Cleanup title references (HO)
)
\c@section@level=\count365
)
LaTeX Info: Redefining \ref on input line 105.
LaTeX Info: Redefining \pageref on input line 105.
LaTeX Info: Redefining \nameref on input line 105.
(./MainDocument.out) (./MainDocument.out)
\@outlinefile=\write4
\openout4 = `MainDocument.out'.


(c:/Users/Matt/AppData/Roaming/TinyTeX/texmf-dist/tex/latex/draftwatermark/draf
twatermark.sty
Package: draftwatermark 2020/12/08 3.0 Put a gray textual watermark on document
 pages
)
*geometry* driver: auto-detecting
*geometry* detected driver: pdftex
*geometry* verbose mode - [ preamble ] result:
* driver: pdftex
* paper: letterpaper
* layout: <custom>
* layout(width,height): (587.19374pt,785.93625pt)
* layoutoffset:(h,v)=(13.55061pt,4.51686pt)
* modes: includehead includefoot twoside 
* h-part:(L,W,R)=(38.5pt, 505.69374pt, 43.0pt)
* v-part:(T,H,B)=(43.0pt, 710.93625pt, 32.0pt)
* \paperwidth=614.295pt
* \paperheight=794.96999pt
* \textwidth=505.69374pt
* \textheight=675.93625pt
* \oddsidemargin=-20.21938pt
* \evensidemargin=-15.71938pt
* \topmargin=-24.75313pt
* \headheight=0.0pt
* \headsep=10.0pt
* \topskip=9.0pt
* \footskip=25.0pt
* \marginparwidth=38.0pt
* \marginparsep=10.0pt
* \columnsep=13.5pt
* \skip\footins=8.0pt plus 4.0pt minus 2.0pt
* \hoffset=0.0pt
* \voffset=0.0pt
* \mag=1000
* \@twocolumntrue
* \@twosidetrue
* \@mparswitchtrue
* \@reversemarginfalse
* (1in=72.27pt=25.4mm, 1cm=28.453pt)

Package caption Info: Begin \AtBeginDocument code.
Package caption Info: sidecap package is loaded.
Package caption Info: End \AtBeginDocument code.
Package newfloat Info: `float' package detected.
Package newfloat Info: `sidecap' package detected.
Package lastpage Info: Please have a look at the pageslts package at
(lastpage)             https://www.ctan.org/pkg/pageslts
(lastpage)             ! on input line 105.

(c:/Users/Matt/AppData/Roaming/TinyTeX/texmf-dist/tex/latex/ragged2e/ragged2e.s
ty
Package: ragged2e 2021/02/05 v3.0 ragged2e Package
\CenteringLeftskip=\skip149
\RaggedLeftLeftskip=\skip150
\RaggedRightLeftskip=\skip151
\CenteringRightskip=\skip152
\RaggedLeftRightskip=\skip153
\RaggedRightRightskip=\skip154
\CenteringParfillskip=\skip155
\RaggedLeftParfillskip=\skip156
\RaggedRightParfillskip=\skip157
\JustifyingParfillskip=\skip158
\CenteringParindent=\skip159
\RaggedLeftParindent=\skip160
\RaggedRightParindent=\skip161
\JustifyingParindent=\skip162
)
LaTeX Info: Redefining \microtypecontext on input line 105.
Package microtype Info: Generating PDF output.
Package microtype Info: Character protrusion enabled (level 2).
Package microtype Info: Using default protrusion set `alltext'.
Package microtype Info: Automatic font expansion enabled (level 2),
(microtype)             stretch: 20, shrink: 20, step: 1, non-selected.
Package microtype Info: Using default expansion set `alltext-nott'.
LaTeX Info: Redefining \showhyphens on input line 105.
Package microtype Info: No adjustment of tracking.
Package microtype Info: No adjustment of interword spacing.
Package microtype Info: No adjustment of character kerning.

(c:/Users/Matt/AppData/Roaming/TinyTeX/texmf-dist/tex/latex/microtype/mt-cmr.cf
g
File: mt-cmr.cfg 2013/05/19 v2.2 microtype config. file: Computer Modern Roman 
(RS)
)
LaTeX Font Info:    Trying to load font information for T1+lmss on input line 1
11.
(c:/Users/Matt/AppData/Roaming/TinyTeX/texmf-dist/tex/latex/lm/t1lmss.fd
File: t1lmss.fd 2015/05/01 v1.6.1 Font defs for Latin Modern
)
LaTeX Font Info:    Font shape `T1/lmss/b/n' in size <9> not available
(Font)              Font shape `T1/lmss/bx/n' tried instead on input line 111.
Package microtype Info: Loading generic protrusion settings for font family
(microtype)             `lmss' (encoding: T1).
(microtype)             For optimal results, create family-specific settings.
(microtype)             See the microtype manual for details.
LaTeX Font Info:    Font shape `T1/lmss/b/n' in size <22> not available
(Font)              Font shape `T1/lmss/bx/n' tried instead on input line 111.
LaTeX Font Info:    Trying to load font information for T1+phv on input line 11
1.
(c:/Users/Matt/AppData/Roaming/TinyTeX/texmf-dist/tex/latex/psnfss/t1phv.fd
File: t1phv.fd 2020/03/25 scalable font definitions for T1/phv.
)
LaTeX Font Info:    Font shape `T1/phv/m/n' will be
(Font)              scaled to size 8.54997pt on input line 111.
Package microtype Info: Loading generic protrusion settings for font family
(microtype)             `phv' (encoding: T1).
(microtype)             For optimal results, create family-specific settings.
(microtype)             See the microtype manual for details.
LaTeX Font Info:    Font shape `T1/phv/b/n' will be
(Font)              scaled to size 8.54997pt on input line 111.
LaTeX Font Info:    Trying to load font information for OT1+lmr on input line 1
11.
(c:/Users/Matt/AppData/Roaming/TinyTeX/texmf-dist/tex/latex/lm/ot1lmr.fd
File: ot1lmr.fd 2015/05/01 v1.6.1 Font defs for Latin Modern
)
LaTeX Font Info:    Trying to load font information for OML+lmm on input line 1
11.
(c:/Users/Matt/AppData/Roaming/TinyTeX/texmf-dist/tex/latex/lm/omllmm.fd
File: omllmm.fd 2015/05/01 v1.6.1 Font defs for Latin Modern
)
LaTeX Font Info:    Trying to load font information for OMS+lmsy on input line 
111.
(c:/Users/Matt/AppData/Roaming/TinyTeX/texmf-dist/tex/latex/lm/omslmsy.fd
File: omslmsy.fd 2015/05/01 v1.6.1 Font defs for Latin Modern
)
LaTeX Font Info:    Trying to load font information for OMX+lmex on input line 
111.
(c:/Users/Matt/AppData/Roaming/TinyTeX/texmf-dist/tex/latex/lm/omxlmex.fd
File: omxlmex.fd 2015/05/01 v1.6.1 Font defs for Latin Modern
)
LaTeX Font Info:    External font `lmex10' loaded for size
(Font)              <9> on input line 111.
LaTeX Font Info:    External font `lmex10' loaded for size
(Font)              <6> on input line 111.
LaTeX Font Info:    External font `lmex10' loaded for size
(Font)              <5> on input line 111.
LaTeX Font Info:    Trying to load font information for U+msa on input line 111
.
(c:/Users/Matt/AppData/Roaming/TinyTeX/texmf-dist/tex/latex/amsfonts/umsa.fd
File: umsa.fd 2013/01/14 v3.01 AMS symbols A
)
(c:/Users/Matt/AppData/Roaming/TinyTeX/texmf-dist/tex/latex/microtype/mt-msa.cf
g
File: mt-msa.cfg 2006/02/04 v1.1 microtype config. file: AMS symbols (a) (RS)
)
LaTeX Font Info:    Trying to load font information for U+msb on input line 111
.
(c:/Users/Matt/AppData/Roaming/TinyTeX/texmf-dist/tex/latex/amsfonts/umsb.fd
File: umsb.fd 2013/01/14 v3.01 AMS symbols B
)
(c:/Users/Matt/AppData/Roaming/TinyTeX/texmf-dist/tex/latex/microtype/mt-msb.cf
g
File: mt-msb.cfg 2005/06/01 v1.0 microtype config. file: AMS symbols (b) (RS)
)
LaTeX Font Info:    Font shape `T1/phv/b/n' will be
(Font)              scaled to size 5.69998pt on input line 111.
LaTeX Font Info:    Font shape `T1/phv/m/n' will be
(Font)              scaled to size 6.64998pt on input line 111.
LaTeX Font Info:    External font `lmex10' loaded for size
(Font)              <7> on input line 111.
LaTeX Font Info:    Font shape `T1/phv/m/n' will be
(Font)              scaled to size 4.74998pt on input line 111.
LaTeX Font Info:    Font shape `T1/phv/b/n' will be
(Font)              scaled to size 7.59998pt on input line 113.
<FigProbMig.pdf, id=26, 246.9225pt x 174.6525pt>
File: FigProbMig.pdf Graphic file (type pdf)
<use FigProbMig.pdf>
Package pdftex.def Info: FigProbMig.pdf  used on input line 160.
(pdftex.def)             Requested size: 246.92188pt x 174.65207pt.

Overfull \hbox (0.82501pt too wide) in paragraph at lines 160--165
 [][] 
 []

LaTeX Font Info:    Font shape `T1/phv/b/n' will be
(Font)              scaled to size 6.64998pt on input line 165.
Package mdframed Info: mdframed works in twoside mode on input line 166.
LaTeX Font Info:    Font shape `T1/phv/m/n' will be
(Font)              scaled to size 9.49997pt on input line 166.
LaTeX Font Info:    Font shape `T1/phv/b/n' will be
(Font)              scaled to size 9.49997pt on input line 166.
Package mdframed Info: mdframed inside float 
 mdframed uses option nobreak mdframed on input line 166.
Package mdframed Info: mdframed inside a box 
 mdframed uses option nobreak mdframed on input line 166.
LaTeX Font Info:    Font shape `T1/phv/m/n' will be
(Font)              scaled to size 5.69998pt on input line 166.
LaTeX Font Info:    Trying to load font information for T1+bch on input line 18
4.
(c:/Users/Matt/AppData/Roaming/TinyTeX/texmf-dist/tex/latex/psnfss/t1bch.fd
File: t1bch.fd 2004/10/18 font definitions for T1/bch.
)
(c:/Users/Matt/AppData/Roaming/TinyTeX/texmf-dist/tex/latex/microtype/mt-bch.cf
g
File: mt-bch.cfg 2007/03/03 v1.5 microtype config. file: Bitstream Charter (RS)

) [1{c:/Users/Matt/AppData/Roaming/TinyTeX/texmf-var/fonts/map/pdftex/updmap/pd
ftex.map}


 <./FigProbMig.pdf>]
LaTeX Font Info:    Trying to load font information for T1+lmtt on input line 1
94.
(c:/Users/Matt/AppData/Roaming/TinyTeX/texmf-dist/tex/latex/lm/t1lmtt.fd
File: t1lmtt.fd 2015/05/01 v1.6.1 Font defs for Latin Modern
)
Package microtype Info: Loading generic protrusion settings for font family
(microtype)             `lmtt' (encoding: T1).
(microtype)             For optimal results, create family-specific settings.
(microtype)             See the microtype manual for details.
<FigProjLines.pdf, id=51, 505.89pt x 325.215pt>
File: FigProjLines.pdf Graphic file (type pdf)
<use FigProjLines.pdf>
Package pdftex.def Info: FigProjLines.pdf  used on input line 246.
(pdftex.def)             Requested size: 505.88875pt x 325.2142pt.

Package natbib Warning: Citation `marandi2021vulnerable' on page 2 undefined on
 input line 247.


Package natbib Warning: Citation `marandi2021vulnerable' on page 2 undefined on
 input line 247.

<FigAging.pdf, id=52, 246.9225pt x 172.645pt>
File: FigAging.pdf Graphic file (type pdf)
<use FigAging.pdf>
Package pdftex.def Info: FigAging.pdf  used on input line 293.
(pdftex.def)             Requested size: 246.92188pt x 172.64456pt.

Overfull \hbox (0.82501pt too wide) in paragraph at lines 293--298
 [][] 
 []

LaTeX Font Info:    Font shape `T1/phv/m/it' in size <7> not available
(Font)              Font shape `T1/phv/m/sl' tried instead on input line 325.
LaTeX Font Info:    Font shape `T1/phv/m/sl' will be
(Font)              scaled to size 6.64998pt on input line 325.
[2] [3 <./FigProjLines.pdf>]
<FigMedAgeMap.pdf, id=81, 505.89pt x 361.35pt>
File: FigMedAgeMap.pdf Graphic file (type pdf)
<use FigMedAgeMap.pdf>
Package pdftex.def Info: FigMedAgeMap.pdf  used on input line 327.
(pdftex.def)             Requested size: 505.88875pt x 361.34912pt.

Package hyperref Warning: The anchor of a bookmark and its parent's must not
(hyperref)                be the same. Added a new anchor on input line 358.

[4 <./FigAging.pdf>] [5 <./FigMedAgeMap.pdf>] [6]pdfTeX warning (ext4): destina
tion with the same identifier (name{equation.0.1}) has been already used, dupli
cate ignored
<to be read again> 
                   \relax 
l.570 \begin{equation}
                      pdfTeX warning (ext4): destination with the same identifi
er (name{equation.0.1}) has been already used, duplicate ignored
<to be read again> 
                   \relax 
l.570 \begin{equation}
                      pdfTeX warning (ext4): destination with the same identifi
er (name{equation.0.1}) has been already used, duplicate ignored
<to be read again> 
                   \relax 
l.570 \begin{equation}
                      pdfTeX warning (ext4): destination with the same identifi
er (name{equation.0.1}) has been already used, duplicate ignored
<to be read again> 
                   \relax 
l.570 \begin{equation}
                      pdfTeX warning (ext4): destination with the same identifi
er (name{equation.0.1}) has been already used, duplicate ignored
<to be read again> 
                   \relax 
l.607 \begin{equation}
                      pdfTeX warning (ext4): destination with the same identifi
er (name{equation.0.1}) has been already used, duplicate ignored
<to be read again> 
                   \relax 
l.607 \begin{equation}
                      pdfTeX warning (ext4): destination with the same identifi
er (name{equation.0.1}) has been already used, duplicate ignored
<to be read again> 
                   \relax 
l.607 \begin{equation}
                      pdfTeX warning (ext4): destination with the same identifi
er (name{equation.0.1}) has been already used, duplicate ignored
<to be read again> 
                   \relax 
l.607 \begin{equation}
                      pdfTeX warning (ext4): destination with the same identifi
er (name{equation.0.1}) has been already used, duplicate ignored
<to be read again> 
                   \relax 
l.693 \begin{equation}
                      pdfTeX warning (ext4): destination with the same identifi
er (name{equation.0.1}) has been already used, duplicate ignored
<to be read again> 
                   \relax 
l.693 \begin{equation}
                      pdfTeX warning (ext4): destination with the same identifi
er (name{equation.0.1}) has been already used, duplicate ignored
<to be read again> 
                   \relax 
l.693 \begin{equation}
                      pdfTeX warning (ext4): destination with the same identifi
er (name{equation.0.1}) has been already used, duplicate ignored
<to be read again> 
                   \relax 
l.693 \begin{equation}
                      
Overfull \hbox (29.63864pt too wide) in paragraph at lines 744--747
[][] [] 
 []

[7]
Overfull \hbox (29.63864pt too wide) in paragraph at lines 748--754
[][][] [] 
 []


Overfull \hbox (29.63864pt too wide) in paragraph at lines 755--759
[][][] [] 
 []


Overfull \hbox (29.63864pt too wide) in paragraph at lines 760--766
[][][] [] 
 []


Overfull \hbox (29.63864pt too wide) in paragraph at lines 767--773
[][][] [] 
 []


Overfull \hbox (29.63864pt too wide) in paragraph at lines 774--779
[][][] [] 
 []


Overfull \hbox (29.63864pt too wide) in paragraph at lines 780--786
[][][] [] 
 []


Overfull \hbox (29.63864pt too wide) in paragraph at lines 787--794
[][][] [] 
 []


Overfull \hbox (29.63864pt too wide) in paragraph at lines 795--798
[][][] [] 
 []


Overfull \hbox (29.63864pt too wide) in paragraph at lines 799--803
[][][] [] 
 []


Overfull \hbox (29.63864pt too wide) in paragraph at lines 804--809
[][][] [] 
 []


Overfull \hbox (29.63864pt too wide) in paragraph at lines 810--814
[][][] [] 
 []


Overfull \hbox (29.63864pt too wide) in paragraph at lines 815--819
[][][] [] 
 []


Overfull \hbox (29.63864pt too wide) in paragraph at lines 820--826
[][][] [] 
 []


Overfull \hbox (29.63864pt too wide) in paragraph at lines 827--831
[][][] [] 
 []


Overfull \hbox (29.63864pt too wide) in paragraph at lines 832--838
[][][] [] 
 []


Underfull \hbox (badness 5175) in paragraph at lines 842--842
[]\T1/lmr/m/n/8 (+20) Ruggles S, et al. (2021) IPUMS USA: Ver-sion 11.0.
 []


Overfull \hbox (29.63864pt too wide) in paragraph at lines 839--843
[][][] [] 
 []


Overfull \hbox (29.63864pt too wide) in paragraph at lines 844--850
[][][] [] 
 []


Overfull \hbox (29.63864pt too wide) in paragraph at lines 851--855
[][][] [] 
 []


Overfull \hbox (29.63864pt too wide) in paragraph at lines 856--861
[][][] [] 
 []


Overfull \hbox (29.63864pt too wide) in paragraph at lines 862--866
[][][] [] 
 []


Overfull \hbox (29.63864pt too wide) in paragraph at lines 867--872
[][][] [] 
 []

LaTeX Font Info:    Font shape `T1/phv/m/n' will be
(Font)              scaled to size 7.59998pt on input line 877.
LaTeX Font Info:    External font `lmex10' loaded for size
(Font)              <8> on input line 877.

Overfull \hbox (29.63864pt too wide) in paragraph at lines 873--878
[][][] [] 
 []


Overfull \hbox (29.63864pt too wide) in paragraph at lines 879--883
[][][] [] 
 []


Overfull \hbox (29.63864pt too wide) in paragraph at lines 884--889
[][][] [] 
 []


Overfull \hbox (29.63864pt too wide) in paragraph at lines 890--895
[][][] [] 
 []


Overfull \hbox (29.63864pt too wide) in paragraph at lines 896--901
[][][] [] 
 []


Overfull \hbox (29.63864pt too wide) in paragraph at lines 902--907
[][][] [] 
 []


Overfull \hbox (29.63864pt too wide) in paragraph at lines 908--914
[][][] [] 
 []


Overfull \hbox (29.63864pt too wide) in paragraph at lines 915--920
[][][] [] 
 []


Overfull \hbox (29.63864pt too wide) in paragraph at lines 921--926
[][][] [] 
 []


Overfull \hbox (29.63864pt too wide) in paragraph at lines 927--931
[][][] [] 
 []


Overfull \hbox (29.63864pt too wide) in paragraph at lines 932--937
[][][] [] 
 []


Overfull \hbox (29.63864pt too wide) in paragraph at lines 938--943
[][][] [] 
 []


Overfull \hbox (29.63864pt too wide) in paragraph at lines 944--948
[][][] [] 
 []


Overfull \hbox (29.63864pt too wide) in paragraph at lines 949--955
[][][] [] 
 []


Overfull \hbox (29.63864pt too wide) in paragraph at lines 956--961
[][][] [] 
 []


Overfull \hbox (29.63864pt too wide) in paragraph at lines 962--966
[][][] [] 
 []


Overfull \hbox (29.63864pt too wide) in paragraph at lines 967--972
[][][] [] 
 []


Overfull \hbox (29.63864pt too wide) in paragraph at lines 973--979
[][][] [] 
 []


Overfull \hbox (29.63864pt too wide) in paragraph at lines 980--985
[][][] [] 
 []


Overfull \hbox (29.63864pt too wide) in paragraph at lines 986--991
[][][] [] 
 []


Overfull \hbox (29.63864pt too wide) in paragraph at lines 992--998
[][][] [] 
 []


Overfull \hbox (29.63864pt too wide) in paragraph at lines 999--1004
[][][] [] 
 []


Overfull \hbox (29.63864pt too wide) in paragraph at lines 1005--1010
[][][] [] 
 []


Package natbib Warning: There were undefined citations.


AED: lastpage setting LastPage
[8] (./MainDocument.aux)
Package rerunfilecheck Info: File `MainDocument.out' has not changed.
(rerunfilecheck)             Checksum: 821BC26DC5217DC9F651833B74191A53;582.
 ) 
Here is how much of TeX's memory you used:
 29190 strings out of 480559
 526783 string characters out of 5901863
 882657 words of memory out of 5000000
 45715 multiletter control sequences out of 15000+600000
 531711 words of font info for 315 fonts, out of 8000000 for 9000
 14 hyphenation exceptions out of 8191
 117i,22n,122p,817b,1145s stack positions out of 5000i,500n,10000p,200000b,80000s
{c:/Users/Matt/AppData/Roaming/TinyTeX/texmf-dist/fonts/enc/dvips/lm/lm-ec.en
c}{c:/Users/Matt/AppData/Roaming/TinyTeX/texmf-dist/fonts/enc/dvips/lm/lm-maths
y.enc}{c:/Users/Matt/AppData/Roaming/TinyTeX/texmf-dist/fonts/enc/dvips/lm/lm-r
m.enc}{c:/Users/Matt/AppData/Roaming/TinyTeX/texmf-dist/fonts/enc/dvips/lm/lm-m
athit.enc}{c:/Users/Matt/AppData/Roaming/TinyTeX/texmf-dist/fonts/enc/dvips/bas
e/8r.enc}{c:/Users/Matt/AppData/Roaming/TinyTeX/texmf-dist/fonts/enc/dvips/lm/l
m-mathex.enc}<c:/Users/Matt/AppData/Roaming/TinyTeX/texmf-dist/fonts/type1/bits
trea/charter/bchb8a.pfb><c:/Users/Matt/AppData/Roaming/TinyTeX/texmf-dist/fonts
/type1/public/lm/lmbx6.pfb><c:/Users/Matt/AppData/Roaming/TinyTeX/texmf-dist/fo
nts/type1/public/lm/lmbx7.pfb><c:/Users/Matt/AppData/Roaming/TinyTeX/texmf-dist
/fonts/type1/public/lm/lmbx9.pfb><c:/Users/Matt/AppData/Roaming/TinyTeX/texmf-d
ist/fonts/type1/public/lm/lmex10.pfb><c:/Users/Matt/AppData/Roaming/TinyTeX/tex
mf-dist/fonts/type1/public/lm/lmmi5.pfb><c:/Users/Matt/AppData/Roaming/TinyTeX/
texmf-dist/fonts/type1/public/lm/lmmi6.pfb><c:/Users/Matt/AppData/Roaming/TinyT
eX/texmf-dist/fonts/type1/public/lm/lmmi9.pfb><c:/Users/Matt/AppData/Roaming/Ti
nyTeX/texmf-dist/fonts/type1/public/lm/lmr5.pfb><c:/Users/Matt/AppData/Roaming/
TinyTeX/texmf-dist/fonts/type1/public/lm/lmr6.pfb><c:/Users/Matt/AppData/Roamin
g/TinyTeX/texmf-dist/fonts/type1/public/lm/lmr7.pfb><c:/Users/Matt/AppData/Roam
ing/TinyTeX/texmf-dist/fonts/type1/public/lm/lmr8.pfb><c:/Users/Matt/AppData/Ro
aming/TinyTeX/texmf-dist/fonts/type1/public/lm/lmr9.pfb><c:/Users/Matt/AppData/
Roaming/TinyTeX/texmf-dist/fonts/type1/public/lm/lmri8.pfb><c:/Users/Matt/AppDa
ta/Roaming/TinyTeX/texmf-dist/fonts/type1/public/lm/lmri9.pfb><c:/Users/Matt/Ap
pData/Roaming/TinyTeX/texmf-dist/fonts/type1/public/lm/lmssbx10.pfb><c:/Users/M
att/AppData/Roaming/TinyTeX/texmf-dist/fonts/type1/public/lm/lmsy5.pfb><c:/User
s/Matt/AppData/Roaming/TinyTeX/texmf-dist/fonts/type1/public/lm/lmsy6.pfb><c:/U
sers/Matt/AppData/Roaming/TinyTeX/texmf-dist/fonts/type1/public/lm/lmsy9.pfb><c
:/Users/Matt/AppData/Roaming/TinyTeX/texmf-dist/fonts/type1/public/lm/lmtt9.pfb
><c:/Users/Matt/AppData/Roaming/TinyTeX/texmf-dist/fonts/type1/urw/helvetic/uhv
b8a.pfb><c:/Users/Matt/AppData/Roaming/TinyTeX/texmf-dist/fonts/type1/urw/helve
tic/uhvr8a.pfb><c:/Users/Matt/AppData/Roaming/TinyTeX/texmf-dist/fonts/type1/ur
w/helvetic/uhvro8a.pfb>
Output written on MainDocument.pdf (8 pages, 1428203 bytes).
PDF statistics:
 336 PDF objects out of 1000 (max. 8388607)
 257 compressed objects within 3 object streams
 71 named destinations out of 1000 (max. 500000)
 90185 words of extra memory for PDF output out of 106986 (max. 10000000)

